Command: OPENBLAS_NUM_THREADS=1 OMP_NUM_THREADS=1 MPLBACKEND=Agg QT_QPA_PLATFORM=offscreen python -m pytest -vv --durations=12

============================= test session starts ==============================
platform linux -- Python 3.13.5, pytest-9.0.2, pluggy-1.6.0 -- /opt/pyvenv/bin/python
cachedir: .pytest_cache
metadata: {'Python': '3.13.5', 'Platform': 'Linux-6.18.44-x86_64-with-glibc2.41', 'Packages': {'pytest': '9.0.2', 'pluggy': '1.6.0'}, 'Plugins': {'anyio': '4.13.0', 'ddtrace': '4.4.0', 'Faker': '40.1.2', 'asyncio': '1.3.0', 'cov': '7.0.0', 'json-report': '1.5.0', 'metadata': '3.1.1'}, 'PLATFORM': 'linux/amd64', 'CI': 'true'}
rootdir: /mnt/data/spin1_ssrf_realtime_tensor_designer_three_plots
configfile: pytest.ini
testpaths: tests
plugins: anyio-4.13.0, ddtrace-4.4.0, Faker-40.1.2, asyncio-1.3.0, cov-7.0.0, json-report-1.5.0, metadata-3.1.1
asyncio: mode=Mode.STRICT, debug=False, asyncio_default_fixture_loop_scope=None, asyncio_default_test_loop_scope=function
collecting ... collected 211 items / 4 skipped

tests/test_boltzmann_recovery.py::test_preserved_RF_spectra_DNP_utilities_and_scheduler_methods PASSED [  0%]
tests/test_boltzmann_recovery.py::test_each_recovery_channel_is_stationary_at_Boltzmann[-0.8] PASSED [  0%]
tests/test_boltzmann_recovery.py::test_each_recovery_channel_is_stationary_at_Boltzmann[-0.45] PASSED [  1%]
tests/test_boltzmann_recovery.py::test_each_recovery_channel_is_stationary_at_Boltzmann[-0.1] PASSED [  1%]
tests/test_boltzmann_recovery.py::test_each_recovery_channel_is_stationary_at_Boltzmann[0] PASSED [  2%]
tests/test_boltzmann_recovery.py::test_each_recovery_channel_is_stationary_at_Boltzmann[0.1] PASSED [  2%]
tests/test_boltzmann_recovery.py::test_each_recovery_channel_is_stationary_at_Boltzmann[0.45] PASSED [  3%]
tests/test_boltzmann_recovery.py::test_each_recovery_channel_is_stationary_at_Boltzmann[0.8] PASSED [  3%]
tests/test_boltzmann_recovery.py::test_non_Boltzmann_uniform_state_is_no_longer_a_stationary_state PASSED [  4%]
tests/test_boltzmann_recovery.py::test_each_channel_preserves_packet_mass_vector_area_and_has_positive_entropy_production[0] PASSED [  4%]
tests/test_boltzmann_recovery.py::test_each_channel_preserves_packet_mass_vector_area_and_has_positive_entropy_production[0.4] PASSED [  5%]
tests/test_boltzmann_recovery.py::test_each_channel_preserves_packet_mass_vector_area_and_has_positive_entropy_production[1] PASSED [  5%]
tests/test_boltzmann_recovery.py::test_DQ_does_not_change_Q_and_matches_explicit_pair_counting PASSED [  6%]
tests/test_boltzmann_recovery.py::test_recovery_diagnostics_are_read_only_and_warn_about_restricted_channels PASSED [  6%]
tests/test_boltzmann_recovery.py::test_default_transport_graph_is_connected_and_tensor_exchange_on PASSED [  7%]
tests/test_boltzmann_recovery.py::test_RF_remains_an_uncancelled_sink_during_simultaneous_recovery PASSED [  7%]
tests/test_boltzmann_recovery.py::test_high_new_rates_are_subdivided_without_pulse_time_or_power_clipping PASSED [  8%]
tests/test_boltzmann_recovery.py::test_large_mirror_inversion_is_absent_in_default_recovery_benchmarks[-1.5] PASSED [  8%]
tests/test_boltzmann_recovery.py::test_large_mirror_inversion_is_absent_in_default_recovery_benchmarks[-0.94] PASSED [  9%]
tests/test_boltzmann_recovery.py::test_large_mirror_inversion_is_absent_in_default_recovery_benchmarks[-0.4] PASSED [  9%]
tests/test_boltzmann_recovery.py::test_large_mirror_inversion_is_absent_in_default_recovery_benchmarks[0.4] PASSED [  9%]
tests/test_boltzmann_recovery.py::test_large_mirror_inversion_is_absent_in_default_recovery_benchmarks[0.94] PASSED [ 10%]
tests/test_boltzmann_recovery.py::test_large_mirror_inversion_is_absent_in_default_recovery_benchmarks[1.5] PASSED [ 10%]
tests/test_boltzmann_recovery.py::test_actual_scheduler_recovery_converges_with_smaller_dt PASSED [ 11%]
tests/test_boltzmann_recovery.py::test_nonboltzmann_state_actually_relaxes_to_unique_remaining_area_Boltzmann[0.45-0.3] PASSED [ 11%]
tests/test_boltzmann_recovery.py::test_nonboltzmann_state_actually_relaxes_to_unique_remaining_area_Boltzmann[-0.58-0.1] PASSED [ 12%]
tests/test_boltzmann_recovery.py::test_nonboltzmann_state_actually_relaxes_to_unique_remaining_area_Boltzmann[0--0.25] PASSED [ 12%]
tests/test_boltzmann_recovery.py::test_sparse_and_numpy_evaluators_agree_on_identical_pair_currents PASSED [ 13%]
tests/test_boltzmann_recovery.py::test_Lorentzian_tail_is_not_cut_off_by_default PASSED [ 13%]
tests/test_boltzmann_recovery.py::test_DNP_off_on_microwave_factor_multiplies_all_internal_channels PASSED [ 14%]
tests/test_boltzmann_recovery.py::test_DNP_on_RF_off_reaches_same_unchanged_saturation_target PASSED [ 14%]
tests/test_custom_editing.py::test_region_adds_each_bin_without_overwriting_custom_values PASSED [ 15%]
tests/test_custom_editing.py::test_region_exact_endpoints PASSED         [ 15%]
tests/test_custom_editing.py::test_invalid_region_is_atomic[1--1] PASSED [ 16%]
tests/test_custom_editing.py::test_invalid_region_is_atomic[-3.001-0] PASSED [ 16%]
tests/test_custom_editing.py::test_invalid_region_is_atomic[0-3.001] PASSED [ 17%]
tests/test_custom_editing.py::test_invalid_region_is_atomic[nan-1] PASSED [ 17%]
tests/test_custom_editing.py::test_update_exact_individual_and_selected_values PASSED [ 18%]
tests/test_custom_editing.py::test_invalid_exact_update_is_atomic[kwargs0] PASSED [ 18%]
tests/test_custom_editing.py::test_invalid_exact_update_is_atomic[kwargs1] PASSED [ 18%]
tests/test_custom_editing.py::test_invalid_exact_update_is_atomic[kwargs2] PASSED [ 19%]
tests/test_custom_editing.py::test_invalid_exact_update_is_atomic[kwargs3] PASSED [ 19%]
tests/test_custom_editing.py::test_invalid_row_selection[rows0] PASSED   [ 20%]
tests/test_custom_editing.py::test_invalid_row_selection[rows1] PASSED   [ 20%]
tests/test_custom_editing.py::test_invalid_row_selection[rows2] PASSED   [ 21%]
tests/test_custom_editing.py::test_four_column_paste[240,1.35,0.0,0.25\n241,2.10,0.1,0.4] PASSED [ 21%]
tests/test_custom_editing.py::test_four_column_paste[bin_index,rate,start,duration\n240,1.35,0.0,0.25\n241,2.10,0.1,0.4] PASSED [ 22%]
tests/test_custom_editing.py::test_four_column_paste[bin\trate\tstart\tduration\n240\t1.35\t0.0\t0.25\n241\t2.10\t0.1\t0.4] PASSED [ 22%]
tests/test_custom_editing.py::test_four_column_paste[# demo\nbin_index rate start duration\n240 1.35 0 0.25\n241 2.10 0.1 0.4] PASSED [ 23%]
tests/test_custom_editing.py::test_R_paste_snap_and_repeated_pulse PASSED [ 23%]
tests/test_custom_editing.py::test_invalid_paste_is_rejected[] PASSED    [ 24%]
tests/test_custom_editing.py::test_invalid_paste_is_rejected[bin_index,rate,start,duration] PASSED [ 24%]
tests/test_custom_editing.py::test_invalid_paste_is_rejected[1,2,3] PASSED [ 25%]
tests/test_custom_editing.py::test_invalid_paste_is_rejected[1,2,3,4,5] PASSED [ 25%]
tests/test_custom_editing.py::test_invalid_paste_is_rejected[701,2,0,1] PASSED [ 26%]
tests/test_custom_editing.py::test_invalid_paste_is_rejected[-1,2,0,1] PASSED [ 26%]
tests/test_custom_editing.py::test_invalid_paste_is_rejected[1.5,2,0,1] PASSED [ 27%]
tests/test_custom_editing.py::test_invalid_paste_is_rejected[2,nan,0,1] PASSED [ 27%]
tests/test_custom_editing.py::test_invalid_paste_is_rejected[2,1,0,-1] PASSED [ 27%]
tests/test_custom_editing.py::test_invalid_paste_is_rejected[R,rate,start,duration\n4,2,0,1] PASSED [ 28%]
tests/test_custom_editing.py::test_invalid_paste_is_rejected[bin_index,duration,start,rate\n2,1,0,1] PASSED [ 28%]
tests/test_custom_editing.py::test_table_roundtrip_precision_and_scheduler PASSED [ 29%]
tests/test_custom_editing.py::test_physics_and_scheduler_source_unchanged PASSED [ 29%]
tests/test_custom_editing.py::test_copy_paste_preserves_disabled_rows PASSED [ 30%]
tests/test_ideal_profiles.py::test_profile_shapes_and_exact_support PASSED [ 30%]
tests/test_ideal_profiles.py::test_compiler_additive_overlap_repeated_pulses_and_half_open_edges PASSED [ 31%]
tests/test_ideal_profiles.py::test_disabled_profiles_rows_zero_durations_and_gain PASSED [ 31%]
tests/test_ideal_profiles.py::test_json_roundtrip_and_grid_rejection PASSED [ 32%]
tests/test_ideal_profiles.py::test_csv_roundtrip_preserves_pulses_gain_and_enable PASSED [ 32%]
tests/test_ideal_profiles.py::test_bad_pulses_rejected[pulse0] PASSED    [ 33%]
tests/test_ideal_profiles.py::test_bad_pulses_rejected[pulse1] PASSED    [ 33%]
tests/test_ideal_profiles.py::test_bad_pulses_rejected[pulse2] PASSED    [ 34%]
tests/test_ideal_profiles.py::test_bad_pulses_rejected[pulse3] PASSED    [ 34%]
tests/test_ideal_profiles.py::test_bad_pulses_rejected[pulse4] PASSED    [ 35%]
tests/test_ideal_profiles.py::test_bad_pulses_rejected[pulse5] PASSED    [ 35%]
tests/test_ideal_profiles.py::test_bad_pulses_rejected[pulse6] PASSED    [ 36%]
tests/test_ideal_profiles.py::test_bad_pulses_rejected[pulse7] PASSED    [ 36%]
tests/test_ideal_profiles.py::test_rf_operator_matches_three_level_matrix_at_multiple_bins PASSED [ 36%]
tests/test_ideal_profiles.py::test_same_physical_command_for_both_branches PASSED [ 37%]
tests/test_ideal_profiles.py::test_single_bin_regression_with_working_model[False-False] PASSED [ 37%]
tests/test_ideal_profiles.py::test_single_bin_regression_with_working_model[True-False] PASSED [ 38%]
tests/test_ideal_profiles.py::test_single_bin_regression_with_working_model[False-True] PASSED [ 38%]
tests/test_ideal_profiles.py::test_single_bin_regression_with_working_model[True-True] PASSED [ 39%]
tests/test_ideal_profiles.py::test_dnp_and_relaxation_untouched_when_program_ready PASSED [ 39%]
tests/test_ideal_profiles.py::test_sub_dt_pulse_receives_full_duration_without_timing_roundoff PASSED [ 40%]
tests/test_ideal_profiles.py::test_fractional_pulse_timing_after_nonzero_epoch PASSED [ 40%]
tests/test_ideal_profiles.py::test_rf_only_endpoint_converges_to_matrix_exponential PASSED [ 41%]
tests/test_ideal_profiles.py::test_rf_off_mutes_but_program_and_recovery_continue PASSED [ 41%]
tests/test_ideal_profiles.py::test_monitor_selection_does_not_move_program_or_clear_populations PASSED [ 42%]
tests/test_ideal_profiles.py::test_stop_and_install_are_not_population_resets PASSED [ 42%]
tests/test_ideal_profiles.py::test_internal_diffusion_conserves_reduced_P_after_program_end PASSED [ 43%]
tests/test_ideal_profiles.py::test_large_commands_trigger_subdivision_not_population_clipping PASSED [ 43%]
tests/test_ideal_profiles.py::test_no_voigt_function_used PASSED         [ 44%]
tests/test_ideal_profiles.py::test_gain_is_explicit_no_automatic_profile_normalization PASSED [ 44%]
tests/test_ideal_profiles.py::test_negative_polarization_and_simultaneous_mirror_drive PASSED [ 45%]
tests/test_ideal_profiles.py::test_preserved_base_sources_match_manifest PASSED [ 45%]
tests/test_model_diffusion_kernel.py::test_plot_signal_reference_is_unchanged PASSED [ 45%]
tests/test_model_diffusion_kernel.py::test_signed_initial_vector_polarization_is_unchanged PASSED [ 46%]
tests/test_model_diffusion_kernel.py::test_rf_only_trajectory_matches_previous_working_package_exactly PASSED [ 46%]
tests/test_model_diffusion_kernel.py::test_dnp_only_trajectory_matches_previous_working_package_exactly PASSED [ 47%]
tests/test_model_diffusion_kernel.py::test_isolated_ideal_bin_mirror_relation_emerges_from_population_equations PASSED [ 47%]
tests/test_model_diffusion_kernel.py::test_diffusion_is_zero_in_a_uniform_boltzmann_packet_state PASSED [ 48%]
tests/test_model_diffusion_kernel.py::test_internal_diffusion_conserves_every_packet_mass_and_total_vector_p PASSED [ 48%]
tests/test_model_diffusion_kernel.py::test_post_burn_population_currents_fill_both_direct_holes_and_reduce_mirror_peaks PASSED [ 49%]
tests/test_model_diffusion_kernel.py::test_deeper_burn_produces_larger_initial_recovery_current PASSED [ 49%]
tests/test_model_diffusion_kernel.py::test_connectivity_changes_with_selected_R_and_identifies_the_horn_branch PASSED [ 50%]
tests/test_model_diffusion_kernel.py::test_no_dnp_recovery_conserves_the_reduced_vector_polarization PASSED [ 50%]
tests/test_model_diffusion_kernel.py::test_dnp_saturation_remains_bounded_when_diffusion_is_disabled PASSED [ 51%]
tests/test_model_diffusion_kernel.py::test_cross_branch_channel_conserves_P_but_can_change_Q PASSED [ 51%]
tests/test_model_diffusion_kernel.py::test_zero_width_profile_is_exact_legacy_one_bin_selector PASSED [ 52%]
tests/test_model_diffusion_kernel.py::test_voigt_is_one_common_physical_profile_for_both_transitions PASSED [ 52%]
tests/test_model_diffusion_kernel.py::test_voigt_rf_term_is_full_three_level_rate_equation PASSED [ 53%]
tests/test_model_diffusion_kernel.py::test_finite_voigt_profile_does_not_impose_a_fixed_mirror_ratio PASSED [ 53%]
tests/test_model_diffusion_kernel.py::test_center_of_voigt_burn_depletes_faster_than_wings PASSED [ 54%]
tests/test_model_diffusion_kernel.py::test_continuous_peak_profile_bin_integral_converges_with_grid PASSED [ 54%]
tests/test_model_diffusion_kernel.py::test_diffusion_toggle_is_exactly_equivalent_to_zero_diffusion_scale PASSED [ 54%]
tests/test_model_diffusion_kernel.py::test_mirror_rate_breakdown_identifies_diffusion_sink_after_burn PASSED [ 55%]
tests/test_playback.py::test_reproduce_original_gate_only_noop_then_fixed_start PASSED [ 55%]
tests/test_playback.py::test_all_program_sources_start_from_rf_button[generic] PASSED [ 56%]
tests/test_playback.py::test_all_program_sources_start_from_rf_button[horn_pedestal] PASSED [ 56%]
tests/test_playback.py::test_all_program_sources_start_from_rf_button[generated_json] PASSED [ 57%]
tests/test_playback.py::test_all_program_sources_start_from_rf_button[generated_csv] PASSED [ 57%]
tests/test_playback.py::test_load_and_run_without_rf_does_not_consume_program PASSED [ 58%]
tests/test_playback.py::test_start_does_not_change_population_or_gain PASSED [ 58%]
tests/test_playback.py::test_finished_program_disarms_and_rf_on_replays_once PASSED [ 59%]
tests/test_playback.py::test_muting_then_resuming_does_not_restart_running_schedule PASSED [ 59%]
tests/test_playback.py::test_program_finishing_while_muted_can_be_replayed PASSED [ 60%]
tests/test_playback.py::test_waiting_period_has_no_accidental_restart PASSED [ 60%]
tests/test_playback.py::test_gain_zero_rejected_without_rf_on PASSED     [ 61%]
tests/test_playback.py::test_empty_or_disabled_commands_rejected[0.0-0.1] PASSED [ 61%]
tests/test_playback.py::test_empty_or_disabled_commands_rejected[2.0-0.0] PASSED [ 62%]
tests/test_playback.py::test_hold_endpoint_does_not_advance_recovery_or_change_dt PASSED [ 62%]
tests/test_playback.py::test_unheld_completion_has_identical_dynamics_to_previous_scheduler PASSED [ 63%]
tests/test_playback.py::test_status_exposes_ready_waiting_muted_finished_and_receipt PASSED [ 63%]
tests/test_playback_gui_callbacks_headless.py::test_exact_reported_flow_from_generated_install_to_RF_ON PASSED [ 63%]
tests/test_playback_gui_callbacks_headless.py::test_generic_example_starts_with_same_single_RF_button PASSED [ 64%]
tests/test_playback_gui_callbacks_headless.py::test_loading_program_while_RF_on_does_not_start_the_replacement PASSED [ 64%]
tests/test_playback_gui_callbacks_headless.py::test_zero_gain_shows_warning_and_resets_the_checkbox PASSED [ 65%]
tests/test_playback_gui_callbacks_headless.py::test_simulation_pause_does_not_consume_or_restart_pulse PASSED [ 65%]
tests/test_playback_gui_callbacks_headless.py::test_explicit_restart_still_works_without_double_start_signal PASSED [ 66%]
tests/test_playback_gui_callbacks_headless.py::test_muting_RF_preserves_running_clock_and_state PASSED [ 66%]
tests/test_tensor_designer.py::test_all_parameters_are_saved PASSED      [ 67%]
tests/test_tensor_designer.py::test_material_preserves_manipulated_state_without_renormalization PASSED [ 67%]
tests/test_tensor_designer.py::test_material_refuses_silent_capacity_change[n_bins-33] PASSED [ 68%]
tests/test_tensor_designer.py::test_material_refuses_silent_capacity_change[line_gamma-0.08] PASSED [ 68%]
tests/test_tensor_designer.py::test_material_refuses_silent_capacity_change[line_asym-0.02] PASSED [ 69%]
tests/test_tensor_designer.py::test_invalid_material_rejected[diffusion_scale--1.0] PASSED [ 69%]
tests/test_tensor_designer.py::test_invalid_material_rejected[p0-1.5] PASSED [ 70%]
tests/test_tensor_designer.py::test_invalid_material_rejected[dt-0.0] PASSED [ 70%]
tests/test_tensor_designer.py::test_invalid_material_rejected[n_bins-31.5] PASSED [ 71%]
tests/test_tensor_designer.py::test_invalid_material_rejected[diffusion_enabled-1] PASSED [ 71%]
tests/test_tensor_designer.py::test_invalid_material_rejected[noise_sigma-nan] PASSED [ 72%]
tests/test_tensor_designer.py::test_invalid_material_rejected[q0-2.0] PASSED [ 72%]
tests/test_tensor_designer.py::test_invalid_material_rejected[diffusion_overlap-made_up] PASSED [ 72%]
tests/test_tensor_designer.py::test_invalid_material_rejected[capacity_rate_clip-0.5] PASSED [ 73%]
tests/test_tensor_designer.py::test_unknown_material_field_rejected PASSED [ 73%]
tests/test_tensor_designer.py::test_snapshot_roundtrip_and_staleness PASSED [ 74%]
tests/test_tensor_designer.py::test_forward_regrouping_is_same_as_core[0.0-gaussian-0.0] PASSED [ 74%]
tests/test_tensor_designer.py::test_forward_regrouping_is_same_as_core[0.0-gaussian-0.3] PASSED [ 75%]
tests/test_tensor_designer.py::test_forward_regrouping_is_same_as_core[0.0-gaussian-1.0] PASSED [ 75%]
tests/test_tensor_designer.py::test_forward_regrouping_is_same_as_core[0.0-lorentzian-0.0] PASSED [ 76%]
tests/test_tensor_designer.py::test_forward_regrouping_is_same_as_core[0.0-lorentzian-0.3] PASSED [ 76%]
tests/test_tensor_designer.py::test_forward_regrouping_is_same_as_core[0.0-lorentzian-1.0] PASSED [ 77%]
tests/test_tensor_designer.py::test_forward_regrouping_is_same_as_core[4.0-gaussian-0.0] PASSED [ 77%]
tests/test_tensor_designer.py::test_forward_regrouping_is_same_as_core[4.0-gaussian-0.3] PASSED [ 78%]
tests/test_tensor_designer.py::test_forward_regrouping_is_same_as_core[4.0-gaussian-1.0] PASSED [ 78%]
tests/test_tensor_designer.py::test_forward_regrouping_is_same_as_core[4.0-lorentzian-0.0] PASSED [ 79%]
tests/test_tensor_designer.py::test_forward_regrouping_is_same_as_core[4.0-lorentzian-0.3] PASSED [ 79%]
tests/test_tensor_designer.py::test_forward_regrouping_is_same_as_core[4.0-lorentzian-1.0] PASSED [ 80%]
tests/test_tensor_designer.py::test_analytic_vector_jacobian_product[0.0] PASSED [ 80%]
tests/test_tensor_designer.py::test_analytic_vector_jacobian_product[0.25] PASSED [ 81%]
tests/test_tensor_designer.py::test_discrete_endpoint_adjoint_matches_finite_difference PASSED [ 81%]
tests/test_tensor_designer.py::test_negative_P_uses_signed_geometry_not_reversed_inequality PASSED [ 81%]
tests/test_tensor_designer.py::test_user_regions_and_per_bin_ceilings PASSED [ 82%]
tests/test_tensor_designer.py::test_synchronized_design_is_bounded_and_improves_Q PASSED [ 82%]
tests/test_tensor_designer.py::test_export_roundtrip_replay PASSED       [ 83%]
tests/test_tensor_designer.py::test_high_tensor_state_not_forced_to_accept_damaging_RF PASSED [ 83%]
tests/test_tensor_designer.py::test_negative_polarization_design PASSED  [ 84%]
tests/test_tensor_designer.py::test_cancellation_does_not_touch_live_model PASSED [ 84%]
tests/test_tensor_designer.py::test_bad_optimizer_settings[max_power-0] PASSED [ 85%]
tests/test_tensor_designer.py::test_bad_optimizer_settings[max_duration--0.1] PASSED [ 85%]
tests/test_tensor_designer.py::test_bad_optimizer_settings[duration_samples-1] PASSED [ 86%]
tests/test_tensor_designer.py::test_bad_optimizer_settings[candidate_mode-nonsense] PASSED [ 86%]
tests/test_tensor_designer.py::test_bad_optimizer_settings[max_wall_seconds-inf] PASSED [ 87%]
tests/test_tensor_designer.py::test_bad_optimizer_settings[per_bin_power_limits-value5] PASSED [ 87%]
tests/test_tensor_designer.py::test_bad_optimizer_settings[regions-value6] PASSED [ 88%]
tests/test_tensor_designer.py::test_no_display_noise_or_calibration_in_candidate_calculation PASSED [ 88%]
tests/test_tensor_designer.py::test_snapshot_does_not_confuse_same_total_P_with_same_signal PASSED [ 89%]
tests/test_tensor_designer.py::test_single_bin_optimizer_matches_analytic_RF_exposure PASSED [ 89%]
tests/test_three_plot_display.py::test_three_rows_and_shared_frequency_axis PASSED [ 90%]
tests/test_three_plot_display.py::test_requested_mirror_styles_and_meanings PASSED [ 90%]
tests/test_three_plot_display.py::test_tensor_is_literal_signed_subtraction_and_integrates_correctly[0.0] PASSED [ 90%]
tests/test_three_plot_display.py::test_tensor_is_literal_signed_subtraction_and_integrates_correctly[0.1] PASSED [ 91%]
tests/test_three_plot_display.py::test_tensor_is_literal_signed_subtraction_and_integrates_correctly[0.45] PASSED [ 91%]
tests/test_three_plot_display.py::test_tensor_is_literal_signed_subtraction_and_integrates_correctly[0.58] PASSED [ 92%]
tests/test_three_plot_display.py::test_tensor_is_literal_signed_subtraction_and_integrates_correctly[-0.1] PASSED [ 92%]
tests/test_three_plot_display.py::test_tensor_is_literal_signed_subtraction_and_integrates_correctly[-0.58] PASSED [ 93%]
tests/test_three_plot_display.py::test_recording_start_burn_and_recovery_all_four_use_live_populations[0.45--0.9] PASSED [ 93%]
tests/test_three_plot_display.py::test_recording_start_burn_and_recovery_all_four_use_live_populations[0.45-0.4] PASSED [ 94%]
tests/test_three_plot_display.py::test_recording_start_burn_and_recovery_all_four_use_live_populations[-0.58--0.9] PASSED [ 94%]
tests/test_three_plot_display.py::test_recording_start_burn_and_recovery_all_four_use_live_populations[-0.58-0.6] PASSED [ 95%]
tests/test_three_plot_display.py::test_recording_start_burn_and_recovery_all_four_use_live_populations[0.45-0.0] PASSED [ 95%]
tests/test_three_plot_display.py::test_tensor_reuses_same_display_noise_as_upper_branches PASSED [ 96%]
tests/test_three_plot_display.py::test_monitor_changes_restart_all_histories_without_touching_RF PASSED [ 96%]
tests/test_three_plot_display.py::test_restarting_trace_and_replacing_model_clears_old_mirror_samples PASSED [ 97%]
tests/test_three_plot_display.py::test_trace_length_limit_keeps_all_series_in_step PASSED [ 97%]
tests/test_three_plot_display.py::test_RF_endpoint_pause_updates_tensor_and_mirror_once_then_recovery PASSED [ 98%]
tests/test_three_plot_display.py::test_export_appends_mirror_columns_preserving_legacy_prefix PASSED [ 98%]
tests/test_three_plot_display.py::test_display_alone_does_not_generate_physics_or_consume_pulses PASSED [ 99%]
tests/test_three_plot_display.py::test_plot_clicks_do_not_move_markers PASSED [ 99%]
tests/test_three_plot_display.py::test_zero_tensor_autoscaling_does_not_accumulate_or_blow_up PASSED [100%]

============================= slowest 12 durations =============================
5.34s call     tests/test_model_diffusion_kernel.py::test_no_dnp_recovery_conserves_the_reduced_vector_polarization
2.55s call     tests/test_boltzmann_recovery.py::test_nonboltzmann_state_actually_relaxes_to_unique_remaining_area_Boltzmann[-0.58-0.1]
2.51s call     tests/test_boltzmann_recovery.py::test_nonboltzmann_state_actually_relaxes_to_unique_remaining_area_Boltzmann[0.45-0.3]
2.50s call     tests/test_boltzmann_recovery.py::test_nonboltzmann_state_actually_relaxes_to_unique_remaining_area_Boltzmann[0--0.25]
1.62s setup    tests/test_tensor_designer.py::test_synchronized_design_is_bounded_and_improves_Q
1.59s call     tests/test_model_diffusion_kernel.py::test_mirror_rate_breakdown_identifies_diffusion_sink_after_burn
1.49s call     tests/test_tensor_designer.py::test_negative_polarization_design
1.13s call     tests/test_model_diffusion_kernel.py::test_dnp_saturation_remains_bounded_when_diffusion_is_disabled
1.06s call     tests/test_boltzmann_recovery.py::test_DNP_on_RF_off_reaches_same_unchanged_saturation_target
0.77s call     tests/test_model_diffusion_kernel.py::test_diffusion_toggle_is_exactly_equivalent_to_zero_diffusion_scale
0.76s call     tests/test_tensor_designer.py::test_single_bin_optimizer_matches_analytic_RF_exposure
0.62s call     tests/test_boltzmann_recovery.py::test_preserved_RF_spectra_DNP_utilities_and_scheduler_methods
======================= 211 passed, 4 skipped in 34.44s ========================
